C51 COMPILER V9.60.0.0   DS1307                                                            12/12/2022 23:44:47 PAGE 1   


C51 COMPILER V9.60.0.0, COMPILATION OF MODULE DS1307
OBJECT MODULE PLACED IN .\Objects\ds1307.obj
COMPILER INVOKED BY: C:\Keil_v5\C51\BIN\C51.EXE ds1307.c OPTIMIZE(8,SPEED) BROWSE DEBUG OBJECTEXTEND PRINT(.\Listings\ds
                    -1307.lst) TABS(2) OBJECT(.\Objects\ds1307.obj)

line level    source

   1          
   2          #include<reg51.h> 
   3          #include "ds1307.h"
   4          #include "i2c.h"
   5          #include "delay.h"
   6            
   7          /* Below given values are fixed and should not be changed.
   8              Refer Ds1307 DataSheet for more info*/
   9           
  10          #define DS1307_ID 0xD0     // ds1307 ID
  11          #define SEC_ADDRESS   0x00 // address to access ds1307 SEC register
  12          #define DATE_ADDRESS  0x04 // address to access ds1307 DATE register
  13          #define control       0x07 // address to access ds1307 CONTROL register
  14           
  15          //ds1307 initilization
  16          void ds1307_Init()
  17          {
  18   1          i2c_Start();            // Start i2c communication
  19   1       
  20   1         ds1307_Write(DS1307_ID);   
  21   1         ds1307_Write(control);    
  22   1       
  23   1          ds1307_Write(0x00);        
  24   1       
  25   1          i2c_Stop();             
  26   1       
  27   1       }
  28           void ds1307_Write(unsigned char dat)
  29          {
  30   1          i2c_Write(dat);   
  31   1          i2c_Clock();
  32   1       }
  33           
  34          unsigned char ds1307_Read()
  35          {
  36   1          unsigned char dat;
  37   1          dat = i2c_Read();   
  38   1          return(dat);
  39   1       }
  40          void ds1307_SetTime(unsigned char hh, unsigned char mm, unsigned char ss)
  41          {
  42   1          i2c_Start();            // Start i2c communication
  43   1       
  44   1          ds1307_Write(DS1307_ID);    
  45   1          ds1307_Write(SEC_ADDRESS);
  46   1          ds1307_Write(ss);           
  47   1          ds1307_Write(mm);           
  48   1          ds1307_Write(hh);           
  49   1          i2c_Stop();             // Stop i2c communication after Setting the Time
  50   1      }
  51          
  52          void ds1307_SetDate(unsigned char dd, unsigned char mm, unsigned char yy)
  53          {
  54   1          i2c_Start();            // Start i2c communication
C51 COMPILER V9.60.0.0   DS1307                                                            12/12/2022 23:44:47 PAGE 2   

  55   1       
  56   1          ds1307_Write(DS1307_ID);    
  57   1          ds1307_Write(DATE_ADDRESS);     
  58   1       
  59   1          ds1307_Write(dd);           
  60   1          ds1307_Write(mm);           
  61   1          ds1307_Write(yy);           
  62   1       
  63   1          i2c_Stop();             // Stop i2c communication after Setting the Date
  64   1      }
  65          
  66          void ds1307_GetTime(unsigned char *h_ptr,unsigned char *m_ptr,unsigned char *s_ptr)
  67          {
  68   1           i2c_Start();           // Start i2c communication
  69   1       
  70   1          ds1307_Write(DS1307_ID);    
  71   1          ds1307_Write(SEC_ADDRESS);          
  72   1       
  73   1           i2c_Stop();            
  74   1       
  75   1          i2c_Start();               
  76   1          ds1307_Write(0xD1);         
  77   1                                     
  78   1       
  79   1        *s_ptr = ds1307_Read();  i2c_Ack();     
  80   1        *m_ptr = ds1307_Read();  i2c_Ack();     
  81   1        *h_ptr = ds1307_Read();  i2c_NoAck();   
  82   1       
  83   1        i2c_Stop();               // stop i2c communication after reading the Time
  84   1       }
  85           
  86          void ds1307_GetDate(unsigned char *d_ptr,unsigned char *m_ptr,unsigned char *y_ptr)
  87          {
  88   1          i2c_Start();            // start i2c communication
  89   1       
  90   1          ds1307_Write(DS1307_ID);    
  91   1          ds1307_Write(DATE_ADDRESS);     
  92   1       
  93   1          i2c_Stop();             
  94   1       
  95   1       
  96   1         i2c_Start();             
  97   1         ds1307_Write(0xD1);          
  98   1                                  
  99   1       
 100   1        *d_ptr = ds1307_Read(); i2c_Ack();     
 101   1        *m_ptr = ds1307_Read(); i2c_Ack();     
 102   1        *y_ptr = ds1307_Read(); i2c_NoAck();   
 103   1       
 104   1        i2c_Stop();         // stop i2c communication after reading the Time
 105   1       }


MODULE INFORMATION:   STATIC OVERLAYABLE
   CODE SIZE        =    266    ----
   CONSTANT SIZE    =   ----    ----
   XDATA SIZE       =   ----    ----
   PDATA SIZE       =   ----    ----
   DATA SIZE        =   ----      24
   IDATA SIZE       =   ----    ----
   BIT SIZE         =   ----    ----
END OF MODULE INFORMATION.

C51 COMPILER V9.60.0.0   DS1307                                                            12/12/2022 23:44:47 PAGE 3   


C51 COMPILATION COMPLETE.  0 WARNING(S),  0 ERROR(S)
